[0606/000939.238:ERROR:process_memory_win.cc(73)] ReadMemory at 0x7ff95aa7fbf0 of 37 bytes failed: Only part of a ReadProcessMemory or WriteProcessMemory request was completed. (0x12B)
[0606/000939.407:WARNING:pe_image_reader.cc(191)] could not read debug directory from C:\Windows\SYSTEM32\WINSPOOL.DRV
[0606/000939.407:ERROR:process_memory_win.cc(73)] ReadMemory at 0x7ff95aa20000 of 64 bytes failed: Only part of a ReadProcessMemory or WriteProcessMemory request was completed. (0x12B)
[0606/000939.407:WARNING:pe_image_reader.cc(340)] could not read dos header from C:\Windows\SYSTEM32\WINSPOOL.DRV
[0606/000939.407:ERROR:process_memory_win.cc(73)] ReadMemory at 0x7ff9719b0000 of 64 bytes failed: Only part of a ReadProcessMemory or WriteProcessMemory request was completed. (0x12B)
[0606/000939.579:WARNING:pe_image_reader.cc(340)] could not read dos header from C:\Windows\System32\kernel.appcore.dll
[0606/000939.579:ERROR:process_memory_win.cc(73)] ReadMemory at 0x7ff9719b0000 of 64 bytes failed: Only part of a ReadProcessMemory or WriteProcessMemory request was completed. (0x12B)
[0606/000939.579:WARNING:pe_image_reader.cc(340)] could not read dos header from C:\Windows\System32\kernel.appcore.dll
[0606/000939.579:ERROR:process_memory_win.cc(73)] ReadMemory at 0x7ff971d70000 of 64 bytes failed: Only part of a ReadProcessMemory or WriteProcessMemory request was completed. (0x12B)
[0606/000939.579:WARNING:pe_image_reader.cc(340)] could not read dos header from C:\Windows\System32\bcrypt.dll
[0606/000939.579:ERROR:process_memory_win.cc(73)] ReadMemory at 0x7ff971d70000 of 64 bytes failed: Only part of a ReadProcessMemory or WriteProcessMemory request was completed. (0x12B)
[0606/000939.579:WARNING:pe_image_reader.cc(340)] could not read dos header from C:\Windows\System32\bcrypt.dll
[0606/000939.579:ERROR:process_memory_win.cc(73)] ReadMemory at 0x7ff9692a0000 of 64 bytes failed: Only part of a ReadProcessMemory or WriteProcessMemory request was completed. (0x12B)
[0606/000939.580:WARNING:pe_image_reader.cc(340)] could not read dos header from C:\Windows\SYSTEM32\dbghelp.dll
[0606/000939.580:ERROR:process_memory_win.cc(73)] ReadMemory at 0x7ff9692a0000 of 64 bytes failed: Only part of a ReadProcessMemory or WriteProcessMemory request was completed. (0x12B)
[0606/000939.580:WARNING:pe_image_reader.cc(340)] could not read dos header from C:\Windows\SYSTEM32\dbghelp.dll
[0606/000939.580:ERROR:process_memory_win.cc(73)] ReadMemory at 0x7ff967f90000 of 64 bytes failed: Only part of a ReadProcessMemory or WriteProcessMemory request was completed. (0x12B)
[0606/000939.580:WARNING:pe_image_reader.cc(340)] could not read dos header from C:\Windows\SYSTEM32\WINHTTP.dll
[0606/000939.580:ERROR:process_memory_win.cc(73)] ReadMemory at 0x7ff967f90000 of 64 bytes failed: Only part of a ReadProcessMemory or WriteProcessMemory request was completed. (0x12B)
[0606/000939.580:WARNING:pe_image_reader.cc(340)] could not read dos header from C:\Windows\SYSTEM32\WINHTTP.dll
[0606/000939.580:ERROR:process_memory_win.cc(73)] ReadMemory at 0x7ff9698d0000 of 64 bytes failed: Only part of a ReadProcessMemory or WriteProcessMemory request was completed. (0x12B)
[0606/000939.580:WARNING:pe_image_reader.cc(340)] could not read dos header from C:\Windows\SYSTEM32\dhcpcsvc.DLL
[0606/000939.580:ERROR:process_memory_win.cc(73)] ReadMemory at 0x7ff9698d0000 of 64 bytes failed: Only part of a ReadProcessMemory or WriteProcessMemory request was completed. (0x12B)
[0606/000939.580:WARNING:pe_image_reader.cc(340)] could not read dos header from C:\Windows\SYSTEM32\dhcpcsvc.DLL
[0606/000939.580:ERROR:process_memory_win.cc(73)] ReadMemory at 0x7ff975430000 of 64 bytes failed: Only part of a ReadProcessMemory or WriteProcessMemory request was completed. (0x12B)
[0606/000939.580:WARNING:pe_image_reader.cc(340)] could not read dos header from C:\Windows\System32\NSI.dll
[0606/000939.580:ERROR:process_memory_win.cc(73)] ReadMemory at 0x7ff975430000 of 64 bytes failed: Only part of a ReadProcessMemory or WriteProcessMemory request was completed. (0x12B)
[0606/000939.580:WARNING:pe_image_reader.cc(340)] could not read dos header from C:\Windows\System32\NSI.dll
[0606/000939.239:ERROR:process_memory_win.cc(73)] ReadMemory at 0x7ff95aa7fbf0 of 37 bytes failed: Only part of a ReadProcessMemory or WriteProcessMemory request was completed. (0x12B)
[0606/000939.583:WARNING:pe_image_reader.cc(191)] could not read debug directory from C:\Windows\SYSTEM32\WINSPOOL.DRV
[0606/000939.584:ERROR:process_memory_win.cc(73)] ReadMemory at 0x7ff95aa20000 of 64 bytes failed: Only part of a ReadProcessMemory or WriteProcessMemory request was completed. (0x12B)
[0606/000939.584:WARNING:pe_image_reader.cc(340)] could not read dos header from C:\Windows\SYSTEM32\WINSPOOL.DRV
[0606/000939.583:ERROR:process_memory_win.cc(73)] ReadMemory at 0x7ff96fab0000 of 64 bytes failed: Only part of a ReadProcessMemory or WriteProcessMemory request was completed. (0x12B)
[0606/000939.584:ERROR:process_memory_win.cc(73)] ReadMemory at 0x7ff9719b0000 of 64 bytes failed: Only part of a ReadProcessMemory or WriteProcessMemory request was completed. (0x12B)
[0606/000939.584:WARNING:pe_image_reader.cc(340)] could not read dos header from C:\Windows\SYSTEM32\WINMMBASE.dll
[0606/000939.584:WARNING:pe_image_reader.cc(340)] could not read dos header from C:\Windows\System32\kernel.appcore.dll
[0606/000939.584:ERROR:process_memory_win.cc(73)] ReadMemory at 0x7ff96fab0000 of 64 bytes failed: Only part of a ReadProcessMemory or WriteProcessMemory request was completed. (0x12B)
[0606/000939.584:ERROR:process_memory_win.cc(73)] ReadMemory at 0x7ff9719b0000 of 64 bytes failed: Only part of a ReadProcessMemory or WriteProcessMemory request was completed. (0x12B)
[0606/000939.584:WARNING:pe_image_reader.cc(340)] could not read dos header from C:\Windows\SYSTEM32\WINMMBASE.dll
[0606/000939.584:WARNING:pe_image_reader.cc(340)] could not read dos header from C:\Windows\System32\kernel.appcore.dll
[0606/000939.584:ERROR:process_memory_win.cc(73)] ReadMemory at 0x7ff972ae0000 of 64 bytes failed: Only part of a ReadProcessMemory or WriteProcessMemory request was completed. (0x12B)
[0606/000939.584:ERROR:process_memory_win.cc(73)] ReadMemory at 0x7ff971d70000 of 64 bytes failed: Only part of a ReadProcessMemory or WriteProcessMemory request was completed. (0x12B)
[0606/000939.584:WARNING:pe_image_reader.cc(340)] could not read dos header from C:\Windows\System32\cfgmgr32.dll
[0606/000939.584:WARNING:pe_image_reader.cc(340)] could not read dos header from C:\Windows\System32\bcrypt.dll
[0606/000939.584:ERROR:process_memory_win.cc(73)] ReadMemory at 0x7ff972ae0000 of 64 bytes failed: Only part of a ReadProcessMemory or WriteProcessMemory request was completed. (0x12B)
[0606/000939.584:ERROR:process_memory_win.cc(73)] ReadMemory at 0x7ff971d70000 of 64 bytes failed: Only part of a ReadProcessMemory or WriteProcessMemory request was completed. (0x12B)
[0606/000939.584:WARNING:pe_image_reader.cc(340)] could not read dos header from C:\Windows\System32\cfgmgr32.dll
[0606/000939.584:WARNING:pe_image_reader.cc(340)] could not read dos header from C:\Windows\System32\bcrypt.dll
[0606/000939.584:ERROR:process_memory_win.cc(73)] ReadMemory at 0x7ff9671b0000 of 64 bytes failed: Only part of a ReadProcessMemory or WriteProcessMemory request was completed. (0x12B)
[0606/000939.584:ERROR:process_memory_win.cc(73)] ReadMemory at 0x7ff9692a0000 of 64 bytes failed: Only part of a ReadProcessMemory or WriteProcessMemory request was completed. (0x12B)
[0606/000939.584:WARNING:pe_image_reader.cc(340)] could not read dos header from C:\Windows\SYSTEM32\Bcp47Langs.dll
[0606/000939.584:WARNING:pe_image_reader.cc(340)] could not read dos header from C:\Windows\SYSTEM32\dbghelp.dll
[0606/000939.584:ERROR:process_memory_win.cc(73)] ReadMemory at 0x7ff9671b0000 of 64 bytes failed: Only part of a ReadProcessMemory or WriteProcessMemory request was completed. (0x12B)
[0606/000939.584:ERROR:process_memory_win.cc(73)] ReadMemory at 0x7ff9692a0000 of 64 bytes failed: Only part of a ReadProcessMemory or WriteProcessMemory request was completed. (0x12B)
[0606/000939.584:WARNING:pe_image_reader.cc(340)] could not read dos header from C:\Windows\SYSTEM32\Bcp47Langs.dll
[0606/000939.584:WARNING:pe_image_reader.cc(340)] could not read dos header from C:\Windows\SYSTEM32\dbghelp.dll
[0606/000939.585:ERROR:process_memory_win.cc(73)] ReadMemory at 0x7ff967f90000 of 64 bytes failed: Only part of a ReadProcessMemory or WriteProcessMemory request was completed. (0x12B)
[0606/000939.585:ERROR:process_memory_win.cc(73)] ReadMemory at 0x7ff96e800000 of 64 bytes failed: Only part of a ReadProcessMemory or WriteProcessMemory request was completed. (0x12B)
[0606/000939.585:WARNING:pe_image_reader.cc(340)] could not read dos header from C:\Windows\SYSTEM32\WINHTTP.dll
[0606/000939.585:WARNING:pe_image_reader.cc(340)] could not read dos header from C:\Windows\SYSTEM32\PROPSYS.dll
[0606/000939.585:ERROR:process_memory_win.cc(73)] ReadMemory at 0x7ff967f90000 of 64 bytes failed: Only part of a ReadProcessMemory or WriteProcessMemory request was completed. (0x12B)
[0606/000939.585:WARNING:pe_image_reader.cc(340)] could not read dos header from C:\Windows\SYSTEM32\WINHTTP.dll
[0606/000939.585:ERROR:process_memory_win.cc(73)] ReadMemory at 0x7ff96e800000 of 64 bytes failed: Only part of a ReadProcessMemory or WriteProcessMemory request was completed. (0x12B)
[0606/000939.585:WARNING:pe_image_reader.cc(340)] could not read dos header from C:\Windows\SYSTEM32\PROPSYS.dll
[0606/000939.585:ERROR:process_memory_win.cc(73)] ReadMemory at 0x7ff9698d0000 of 64 bytes failed: Only part of a ReadProcessMemory or WriteProcessMemory request was completed. (0x12B)
[0606/000939.585:WARNING:pe_image_reader.cc(340)] could not read dos header from C:\Windows\SYSTEM32\dhcpcsvc.DLL
[0606/000939.585:ERROR:process_memory_win.cc(73)] ReadMemory at 0x7ff9698d0000 of 64 bytes failed: Only part of a ReadProcessMemory or WriteProcessMemory request was completed. (0x12B)
[0606/000939.585:WARNING:pe_image_reader.cc(340)] could not read dos header from C:\Windows\SYSTEM32\dhcpcsvc.DLL
[0606/000939.585:ERROR:process_memory_win.cc(73)] ReadMemory at 0x7ff975430000 of 64 bytes failed: Only part of a ReadProcessMemory or WriteProcessMemory request was completed. (0x12B)
[0606/000939.585:WARNING:pe_image_reader.cc(340)] could not read dos header from C:\Windows\System32\NSI.dll
[0606/000939.585:ERROR:process_memory_win.cc(73)] ReadMemory at 0x7ff975430000 of 64 bytes failed: Only part of a ReadProcessMemory or WriteProcessMemory request was completed. (0x12B)
[0606/000939.585:WARNING:pe_image_reader.cc(340)] could not read dos header from C:\Windows\System32\NSI.dll
[0606/000939.585:ERROR:process_memory_win.cc(73)] ReadMemory at 0x7ff96fab0000 of 64 bytes failed: Only part of a ReadProcessMemory or WriteProcessMemory request was completed. (0x12B)
[0606/000939.586:WARNING:pe_image_reader.cc(340)] could not read dos header from C:\Windows\SYSTEM32\WINMMBASE.dll
[0606/000939.586:ERROR:process_memory_win.cc(73)] ReadMemory at 0x7ff96fab0000 of 64 bytes failed: Only part of a ReadProcessMemory or WriteProcessMemory request was completed. (0x12B)
[0606/000939.586:WARNING:pe_image_reader.cc(340)] could not read dos header from C:\Windows\SYSTEM32\WINMMBASE.dll
[0606/000939.586:ERROR:process_memory_win.cc(73)] ReadMemory at 0x7ff972ae0000 of 64 bytes failed: Only part of a ReadProcessMemory or WriteProcessMemory request was completed. (0x12B)
[0606/000939.586:WARNING:pe_image_reader.cc(340)] could not read dos header from C:\Windows\System32\cfgmgr32.dll
[0606/000939.586:ERROR:process_memory_win.cc(73)] ReadMemory at 0x7ff972ae0000 of 64 bytes failed: Only part of a ReadProcessMemory or WriteProcessMemory request was completed. (0x12B)
[0606/000939.586:WARNING:pe_image_reader.cc(340)] could not read dos header from C:\Windows\System32\cfgmgr32.dll
[0606/000939.586:ERROR:process_memory_win.cc(73)] ReadMemory at 0x7ff9671b0000 of 64 bytes failed: Only part of a ReadProcessMemory or WriteProcessMemory request was completed. (0x12B)
[0606/000939.586:WARNING:pe_image_reader.cc(340)] could not read dos header from C:\Windows\SYSTEM32\Bcp47Langs.dll
[0606/000939.586:ERROR:process_memory_win.cc(73)] ReadMemory at 0x7ff9671b0000 of 64 bytes failed: Only part of a ReadProcessMemory or WriteProcessMemory request was completed. (0x12B)
[0606/000939.586:WARNING:pe_image_reader.cc(340)] could not read dos header from C:\Windows\SYSTEM32\Bcp47Langs.dll
[0606/000939.586:ERROR:process_memory_win.cc(73)] ReadMemory at 0x7ff96e800000 of 64 bytes failed: Only part of a ReadProcessMemory or WriteProcessMemory request was completed. (0x12B)
[0606/000939.586:WARNING:pe_image_reader.cc(340)] could not read dos header from C:\Windows\SYSTEM32\PROPSYS.dll
[0606/000939.586:ERROR:process_memory_win.cc(73)] ReadMemory at 0x7ff96e800000 of 64 bytes failed: Only part of a ReadProcessMemory or WriteProcessMemory request was completed. (0x12B)
[0606/000939.586:WARNING:pe_image_reader.cc(340)] could not read dos header from C:\Windows\SYSTEM32\PROPSYS.dll
[0606/000939.587:ERROR:process_memory_win.cc(73)] ReadMemory at 0x7ff972b50000 of 64 bytes failed: Only part of a ReadProcessMemory or WriteProcessMemory request was completed. (0x12B)
[0606/000939.587:WARNING:pe_image_reader.cc(340)] could not read dos header from C:\Windows\System32\shcore.dll
[0606/000939.587:ERROR:process_memory_win.cc(73)] ReadMemory at 0x7ff972b50000 of 64 bytes failed: Only part of a ReadProcessMemory or WriteProcessMemory request was completed. (0x12B)
[0606/000939.587:WARNING:pe_image_reader.cc(340)] could not read dos header from C:\Windows\System32\shcore.dll
[0606/000939.587:ERROR:process_memory_win.cc(73)] ReadMemory at 0x7ff971800000 of 64 bytes failed: Only part of a ReadProcessMemory or WriteProcessMemory request was completed. (0x12B)
[0606/000939.587:WARNING:pe_image_reader.cc(340)] could not read dos header from C:\Windows\SYSTEM32\SSPICLI.DLL
[0606/000939.587:ERROR:process_memory_win.cc(73)] ReadMemory at 0x7ff971800000 of 64 bytes failed: Only part of a ReadProcessMemory or WriteProcessMemory request was completed. (0x12B)
[0606/000939.587:WARNING:pe_image_reader.cc(340)] could not read dos header from C:\Windows\SYSTEM32\SSPICLI.DLL
[0606/000939.587:ERROR:process_memory_win.cc(73)] ReadMemory at 0x7ff972f80000 of 64 bytes failed: Only part of a ReadProcessMemory or WriteProcessMemory request was completed. (0x12B)
[0606/000939.587:WARNING:pe_image_reader.cc(340)] could not read dos header from C:\Windows\System32\SHELL32.dll
[0606/000939.587:ERROR:process_memory_win.cc(73)] ReadMemory at 0x7ff972f80000 of 64 bytes failed: Only part of a ReadProcessMemory or WriteProcessMemory request was completed. (0x12B)
[0606/000939.587:WARNING:pe_image_reader.cc(340)] could not read dos header from C:\Windows\System32\SHELL32.dll
[0606/000939.587:ERROR:process_memory_win.cc(73)] ReadMemory at 0x7ff972070000 of 64 bytes failed: Only part of a ReadProcessMemory or WriteProcessMemory request was completed. (0x12B)
[0606/000939.587:WARNING:pe_image_reader.cc(340)] could not read dos header from C:\Windows\System32\windows.storage.dll
[0606/000939.587:ERROR:process_memory_win.cc(73)] ReadMemory at 0x7ff972070000 of 64 bytes failed: Only part of a ReadProcessMemory or WriteProcessMemory request was completed. (0x12B)
[0606/000939.587:WARNING:pe_image_reader.cc(340)] could not read dos header from C:\Windows\System32\windows.storage.dll
[0606/000939.587:ERROR:process_memory_win.cc(73)] ReadMemory at 0x7ff971920000 of 64 bytes failed: Only part of a ReadProcessMemory or WriteProcessMemory request was completed. (0x12B)
[0606/000939.587:WARNING:pe_image_reader.cc(340)] could not read dos header from C:\Windows\System32\powrprof.dll
[0606/000939.587:ERROR:process_memory_win.cc(73)] ReadMemory at 0x7ff971920000 of 64 bytes failed: Only part of a ReadProcessMemory or WriteProcessMemory request was completed. (0x12B)
[0606/000939.588:WARNING:pe_image_reader.cc(340)] could not read dos header from C:\Windows\System32\powrprof.dll
[0606/000939.588:ERROR:process_memory_win.cc(73)] ReadMemory at 0x1b381660000 of 64 bytes failed: Only part of a ReadProcessMemory or WriteProcessMemory request was completed. (0x12B)
[0606/000939.588:WARNING:pe_image_reader.cc(340)] could not read dos header from C:\Windows\System32\shlwapi.dll
[0606/000939.588:ERROR:process_memory_win.cc(73)] ReadMemory at 0x1b381660000 of 64 bytes failed: Only part of a ReadProcessMemory or WriteProcessMemory request was completed. (0x12B)
[0606/000939.588:WARNING:pe_image_reader.cc(340)] could not read dos header from C:\Windows\System32\shlwapi.dll
[0606/000939.588:ERROR:process_memory_win.cc(73)] ReadMemory at 0x7ff9757f0000 of 64 bytes failed: Only part of a ReadProcessMemory or WriteProcessMemory request was completed. (0x12B)
[0606/000939.588:WARNING:pe_image_reader.cc(340)] could not read dos header from C:\Windows\System32\GDI32.dll
[0606/000939.588:ERROR:process_memory_win.cc(73)] ReadMemory at 0x7ff9757f0000 of 64 bytes failed: Only part of a ReadProcessMemory or WriteProcessMemory request was completed. (0x12B)
[0606/000939.588:WARNING:pe_image_reader.cc(340)] could not read dos header from C:\Windows\System32\GDI32.dll
[0606/000939.588:ERROR:process_memory_win.cc(73)] ReadMemory at 0x7ff971da0000 of 64 bytes failed: Only part of a ReadProcessMemory or WriteProcessMemory request was completed. (0x12B)
[0606/000939.588:WARNING:pe_image_reader.cc(340)] could not read dos header from C:\Windows\System32\gdi32full.dll
[0606/000939.588:ERROR:process_memory_win.cc(73)] ReadMemory at 0x7ff971da0000 of 64 bytes failed: Only part of a ReadProcessMemory or WriteProcessMemory request was completed. (0x12B)
[0606/000939.588:WARNING:pe_image_reader.cc(340)] could not read dos header from C:\Windows\System32\gdi32full.dll
[0606/000939.588:ERROR:process_memory_win.cc(73)] ReadMemory at 0x7ff974480000 of 64 bytes failed: Only part of a ReadProcessMemory or WriteProcessMemory request was completed. (0x12B)
[0606/000939.588:WARNING:pe_image_reader.cc(340)] could not read dos header from C:\Windows\System32\USER32.dll
[0606/000939.588:ERROR:process_memory_win.cc(73)] ReadMemory at 0x7ff974480000 of 64 bytes failed: Only part of a ReadProcessMemory or WriteProcessMemory request was completed. (0x12B)
[0606/000939.589:WARNING:pe_image_reader.cc(340)] could not read dos header from C:\Windows\System32\USER32.dll
[0606/000939.589:ERROR:process_memory_win.cc(73)] ReadMemory at 0x7ff971f40000 of 64 bytes failed: Only part of a ReadProcessMemory or WriteProcessMemory request was completed. (0x12B)
[0606/000939.589:WARNING:pe_image_reader.cc(340)] could not read dos header from C:\Windows\System32\win32u.dll
[0606/000939.589:ERROR:process_memory_win.cc(73)] ReadMemory at 0x7ff971f40000 of 64 bytes failed: Only part of a ReadProcessMemory or WriteProcessMemory request was completed. (0x12B)
[0606/000939.589:WARNING:pe_image_reader.cc(340)] could not read dos header from C:\Windows\System32\win32u.dll
[0606/000939.589:ERROR:process_memory_win.cc(73)] ReadMemory at 0x7ff972ac0000 of 64 bytes failed: Only part of a ReadProcessMemory or WriteProcessMemory request was completed. (0x12B)
[0606/000939.589:WARNING:pe_image_reader.cc(340)] could not read dos header from C:\Windows\System32\cryptsp.dll
[0606/000939.589:ERROR:process_memory_win.cc(73)] ReadMemory at 0x7ff972ac0000 of 64 bytes failed: Only part of a ReadProcessMemory or WriteProcessMemory request was completed. (0x12B)
[0606/000939.589:WARNING:pe_image_reader.cc(340)] could not read dos header from C:\Windows\System32\cryptsp.dll
[0606/000939.589:ERROR:process_memory_win.cc(73)] ReadMemory at 0x7ff972f50000 of 64 bytes failed: Only part of a ReadProcessMemory or WriteProcessMemory request was completed. (0x12B)
[0606/000939.589:WARNING:pe_image_reader.cc(340)] could not read dos header from C:\Windows\System32\IMM32.DLL
[0606/000939.589:ERROR:process_memory_win.cc(73)] ReadMemory at 0x7ff972f50000 of 64 bytes failed: Only part of a ReadProcessMemory or WriteProcessMemory request was completed. (0x12B)
[0606/000939.589:WARNING:pe_image_reader.cc(340)] could not read dos header from C:\Windows\System32\IMM32.DLL
[0606/000939.589:ERROR:process_memory_win.cc(73)] ReadMemory at 0x7ff971340000 of 64 bytes failed: Only part of a ReadProcessMemory or WriteProcessMemory request was completed. (0x12B)
[0606/000939.589:WARNING:pe_image_reader.cc(340)] could not read dos header from C:\Windows\SYSTEM32\CRYPTBASE.DLL
[0606/000939.589:ERROR:process_memory_win.cc(73)] ReadMemory at 0x7ff971340000 of 64 bytes failed: Only part of a ReadProcessMemory or WriteProcessMemory request was completed. (0x12B)
[0606/000939.589:WARNING:pe_image_reader.cc(340)] could not read dos header from C:\Windows\SYSTEM32\CRYPTBASE.DLL
[0606/000939.585:ERROR:process_memory_win.cc(73)] ReadMemory at 0x7ff972b50000 of 64 bytes failed: Only part of a ReadProcessMemory or WriteProcessMemory request was completed. (0x12B)
[0606/000939.590:ERROR:process_memory_win.cc(73)] ReadMemory at 0x7ff975a75fc8 of 8 bytes failed: Only part of a ReadProcessMemory or WriteProcessMemory request was completed. (0x12B)
[0606/000939.590:ERROR:process_snapshot_win.cc(311)] failed to read target address
[0606/000939.590:WARNING:pe_image_reader.cc(340)] could not read dos header from C:\Windows\System32\shcore.dll
[0606/000939.591:ERROR:file_io_win.cc(161)] CreateFile C:\Users\adem_\AppData\Local\Temp\scoped_dir5228_332315915\Crashpad\settings.dat: The system cannot find the path specified. (0x3)
[0606/000939.591:ERROR:process_memory_win.cc(73)] ReadMemory at 0x7ff972b50000 of 64 bytes failed: Only part of a ReadProcessMemory or WriteProcessMemory request was completed. (0x12B)
[0606/000939.591:WARNING:pe_image_reader.cc(340)] could not read dos header from C:\Windows\System32\shcore.dll
[0606/000939.592:ERROR:process_memory_win.cc(73)] ReadMemory at 0x7ff971800000 of 64 bytes failed: Only part of a ReadProcessMemory or WriteProcessMemory request was completed. (0x12B)
[0606/000939.592:ERROR:file_io_win.cc(170)] CreateFile C:\Users\adem_\AppData\Local\Temp\scoped_dir5228_332315915\Crashpad\reports\d501819f-ae20-4baf-982f-99708741cf68.dmp: The system cannot find the path specified. (0x3)
[0606/000939.592:WARNING:pe_image_reader.cc(340)] could not read dos header from C:\Windows\SYSTEM32\SSPICLI.DLL
[0606/000939.592:ERROR:crash_report_exception_handler.cc(97)] PrepareNewCrashReport failed
[0606/000939.592:ERROR:process_memory_win.cc(73)] ReadMemory at 0x7ff971800000 of 64 bytes failed: Only part of a ReadProcessMemory or WriteProcessMemory request was completed. (0x12B)
[0606/000939.592:WARNING:pe_image_reader.cc(340)] could not read dos header from C:\Windows\SYSTEM32\SSPICLI.DLL
[0606/000939.592:ERROR:process_memory_win.cc(73)] ReadMemory at 0x7ff972f80000 of 64 bytes failed: Only part of a ReadProcessMemory or WriteProcessMemory request was completed. (0x12B)
[0606/000939.592:WARNING:pe_image_reader.cc(340)] could not read dos header from C:\Windows\System32\SHELL32.dll
[0606/000939.592:ERROR:process_memory_win.cc(73)] ReadMemory at 0x7ff972f80000 of 64 bytes failed: Only part of a ReadProcessMemory or WriteProcessMemory request was completed. (0x12B)
[0606/000939.592:WARNING:pe_image_reader.cc(340)] could not read dos header from C:\Windows\System32\SHELL32.dll
[0606/000939.592:ERROR:process_memory_win.cc(73)] ReadMemory at 0x7ff972070000 of 64 bytes failed: Only part of a ReadProcessMemory or WriteProcessMemory request was completed. (0x12B)
[0606/000939.592:WARNING:pe_image_reader.cc(340)] could not read dos header from C:\Windows\System32\windows.storage.dll
[0606/000939.592:ERROR:process_memory_win.cc(73)] ReadMemory at 0x7ff972070000 of 64 bytes failed: Only part of a ReadProcessMemory or WriteProcessMemory request was completed. (0x12B)
[0606/000939.592:WARNING:pe_image_reader.cc(340)] could not read dos header from C:\Windows\System32\windows.storage.dll
[0606/000939.593:ERROR:process_memory_win.cc(73)] ReadMemory at 0x7ff971920000 of 64 bytes failed: Only part of a ReadProcessMemory or WriteProcessMemory request was completed. (0x12B)
[0606/000939.593:WARNING:pe_image_reader.cc(340)] could not read dos header from C:\Windows\System32\powrprof.dll
[0606/000939.593:ERROR:process_memory_win.cc(73)] ReadMemory at 0x7ff971920000 of 64 bytes failed: Only part of a ReadProcessMemory or WriteProcessMemory request was completed. (0x12B)
[0606/000939.593:WARNING:pe_image_reader.cc(340)] could not read dos header from C:\Windows\System32\powrprof.dll
[0606/000939.593:ERROR:process_memory_win.cc(73)] ReadMemory at 0x17bdd630000 of 64 bytes failed: Only part of a ReadProcessMemory or WriteProcessMemory request was completed. (0x12B)
[0606/000939.593:WARNING:pe_image_reader.cc(340)] could not read dos header from C:\Windows\System32\shlwapi.dll
[0606/000939.593:ERROR:process_memory_win.cc(73)] ReadMemory at 0x17bdd630000 of 64 bytes failed: Only part of a ReadProcessMemory or WriteProcessMemory request was completed. (0x12B)
[0606/000939.593:WARNING:pe_image_reader.cc(340)] could not read dos header from C:\Windows\System32\shlwapi.dll
[0606/000939.593:ERROR:process_memory_win.cc(73)] ReadMemory at 0x7ff9757f0000 of 64 bytes failed: Only part of a ReadProcessMemory or WriteProcessMemory request was completed. (0x12B)
[0606/000939.593:WARNING:pe_image_reader.cc(340)] could not read dos header from C:\Windows\System32\GDI32.dll
[0606/000939.593:ERROR:process_memory_win.cc(73)] ReadMemory at 0x7ff9757f0000 of 64 bytes failed: Only part of a ReadProcessMemory or WriteProcessMemory request was completed. (0x12B)
[0606/000939.593:WARNING:pe_image_reader.cc(340)] could not read dos header from C:\Windows\System32\GDI32.dll
[0606/000939.593:ERROR:process_memory_win.cc(73)] ReadMemory at 0x7ff971da0000 of 64 bytes failed: Only part of a ReadProcessMemory or WriteProcessMemory request was completed. (0x12B)
[0606/000939.593:WARNING:pe_image_reader.cc(340)] could not read dos header from C:\Windows\System32\gdi32full.dll
[0606/000939.594:ERROR:process_memory_win.cc(73)] ReadMemory at 0x7ff971da0000 of 64 bytes failed: Only part of a ReadProcessMemory or WriteProcessMemory request was completed. (0x12B)
[0606/000939.594:WARNING:pe_image_reader.cc(340)] could not read dos header from C:\Windows\System32\gdi32full.dll
[0606/000939.594:ERROR:process_memory_win.cc(73)] ReadMemory at 0x7ff974480000 of 64 bytes failed: Only part of a ReadProcessMemory or WriteProcessMemory request was completed. (0x12B)
[0606/000939.594:WARNING:pe_image_reader.cc(340)] could not read dos header from C:\Windows\System32\USER32.dll
[0606/000939.594:ERROR:process_memory_win.cc(73)] ReadMemory at 0x7ff974480000 of 64 bytes failed: Only part of a ReadProcessMemory or WriteProcessMemory request was completed. (0x12B)
[0606/000939.594:WARNING:pe_image_reader.cc(340)] could not read dos header from C:\Windows\System32\USER32.dll
[0606/000939.594:ERROR:process_memory_win.cc(73)] ReadMemory at 0x7ff971f40000 of 64 bytes failed: Only part of a ReadProcessMemory or WriteProcessMemory request was completed. (0x12B)
[0606/000939.594:WARNING:pe_image_reader.cc(340)] could not read dos header from C:\Windows\System32\win32u.dll
[0606/000939.594:ERROR:process_memory_win.cc(73)] ReadMemory at 0x7ff971f40000 of 64 bytes failed: Only part of a ReadProcessMemory or WriteProcessMemory request was completed. (0x12B)
[0606/000939.594:WARNING:pe_image_reader.cc(340)] could not read dos header from C:\Windows\System32\win32u.dll
[0606/000939.594:ERROR:process_memory_win.cc(73)] ReadMemory at 0x7ff972ac0000 of 64 bytes failed: Only part of a ReadProcessMemory or WriteProcessMemory request was completed. (0x12B)
[0606/000939.594:WARNING:pe_image_reader.cc(340)] could not read dos header from C:\Windows\System32\cryptsp.dll
[0606/000939.594:ERROR:process_memory_win.cc(73)] ReadMemory at 0x7ff972ac0000 of 64 bytes failed: Only part of a ReadProcessMemory or WriteProcessMemory request was completed. (0x12B)
[0606/000939.594:WARNING:pe_image_reader.cc(340)] could not read dos header from C:\Windows\System32\cryptsp.dll
[0606/000939.595:ERROR:process_memory_win.cc(73)] ReadMemory at 0x7ff972f50000 of 64 bytes failed: Only part of a ReadProcessMemory or WriteProcessMemory request was completed. (0x12B)
[0606/000939.595:WARNING:pe_image_reader.cc(340)] could not read dos header from C:\Windows\System32\IMM32.DLL
[0606/000939.595:ERROR:process_memory_win.cc(73)] ReadMemory at 0x7ff972f50000 of 64 bytes failed: Only part of a ReadProcessMemory or WriteProcessMemory request was completed. (0x12B)
[0606/000939.595:WARNING:pe_image_reader.cc(340)] could not read dos header from C:\Windows\System32\IMM32.DLL
[0606/000939.595:ERROR:process_memory_win.cc(73)] ReadMemory at 0x7ff971340000 of 64 bytes failed: Only part of a ReadProcessMemory or WriteProcessMemory request was completed. (0x12B)
[0606/000939.595:WARNING:pe_image_reader.cc(340)] could not read dos header from C:\Windows\SYSTEM32\CRYPTBASE.DLL
[0606/000939.595:ERROR:process_memory_win.cc(73)] ReadMemory at 0x7ff971340000 of 64 bytes failed: Only part of a ReadProcessMemory or WriteProcessMemory request was completed. (0x12B)
[0606/000939.595:WARNING:pe_image_reader.cc(340)] could not read dos header from C:\Windows\SYSTEM32\CRYPTBASE.DLL
[0606/000939.595:ERROR:process_memory_win.cc(73)] ReadMemory at 0x7ff975a75fc8 of 8 bytes failed: Only part of a ReadProcessMemory or WriteProcessMemory request was completed. (0x12B)
[0606/000939.595:ERROR:process_snapshot_win.cc(311)] failed to read target address
[0606/000939.597:ERROR:file_io_win.cc(161)] CreateFile C:\Users\adem_\AppData\Local\Temp\scoped_dir5228_332315915\Crashpad\settings.dat: The system cannot find the path specified. (0x3)
[0606/000939.598:ERROR:file_io_win.cc(170)] CreateFile C:\Users\adem_\AppData\Local\Temp\scoped_dir5228_332315915\Crashpad\reports\83d43832-ad8c-4f9d-9d8b-48a25a338444.dmp: The system cannot find the path specified. (0x3)
[0606/000939.598:ERROR:crash_report_exception_handler.cc(97)] PrepareNewCrashReport failed
[0606/000939.592:ERROR:scoped_process_suspend.cc(40)] NtResumeProcess: An attempt was made to access an exiting process. (0xc000010a)
[0606/000939.598:ERROR:scoped_process_suspend.cc(40)] NtResumeProcess: An attempt was made to access an exiting process. (0xc000010a)
[0606/000958.586:ERROR:process_info.cc(359)] UncheckedAllocate
